<?xml version="1.0" encoding="UTF-8"?>
<testng-results ignored="0" total="1" passed="1" failed="0" skipped="0">
  <reporter-output>
  </reporter-output>
  <suite started-at="2022-11-11T05:05:26 PST" name="Default suite" finished-at="2022-11-11T05:06:02 PST" duration-ms="35569">
    <groups>
    </groups>
    <test started-at="2022-11-11T05:05:26 PST" name="Default test" finished-at="2022-11-11T05:06:02 PST" duration-ms="35569">
      <class name="selenium.ExtendsReports">
        <test-method is-config="true" signature="config()[pri:0, instance:selenium.ExtendsReports@22ef9844]" started-at="2022-11-11T05:05:26 PST" name="config" finished-at="2022-11-11T05:05:27 PST" duration-ms="462" status="PASS">
          <reporter-output>
          </reporter-output>
        </test-method> <!-- config -->
        <test-method signature="intialDemo()[pri:0, instance:selenium.ExtendsReports@22ef9844]" started-at="2022-11-11T05:05:27 PST" name="intialDemo" finished-at="2022-11-11T05:06:02 PST" duration-ms="35004" status="PASS">
          <reporter-output>
          </reporter-output>
        </test-method> <!-- intialDemo -->
      </class> <!-- selenium.ExtendsReports -->
    </test> <!-- Default test -->
  </suite> <!-- Default suite -->
</testng-results>
